<?xml version="1.0" encoding="UTF-8"?>
<coverage generated="1779129424710" clover="3.2.0">
  <project timestamp="1779129424710" name="All files">
    <metrics statements="17" coveredstatements="16" conditionals="16" coveredconditionals="15" methods="5" coveredmethods="5" elements="38" coveredelements="36" complexity="0" loc="17" ncloc="17" packages="1" files="1" classes="1"/>
    <file name="TourService.js" path="D:\lb3\TourService.js">
      <metrics statements="17" coveredstatements="16" conditionals="16" coveredconditionals="15" methods="5" coveredmethods="5"/>
      <line num="4" count="12" type="stmt"/>
      <line num="5" count="12" type="stmt"/>
      <line num="11" count="11" type="stmt"/>
      <line num="17" count="1" type="stmt"/>
      <line num="24" count="6" type="stmt"/>
      <line num="25" count="6" type="stmt"/>
      <line num="26" count="6" type="stmt"/>
      <line num="34" count="11" type="cond" truecount="4" falsecount="0"/>
      <line num="35" count="1" type="stmt"/>
      <line num="39" count="10" type="cond" truecount="3" falsecount="1"/>
      <line num="40" count="0" type="stmt"/>
      <line num="44" count="10" type="cond" truecount="4" falsecount="0"/>
      <line num="45" count="2" type="stmt"/>
      <line num="49" count="8" type="cond" truecount="4" falsecount="0"/>
      <line num="50" count="2" type="stmt"/>
      <line num="53" count="6" type="stmt"/>
      <line num="57" count="1" type="stmt"/>
    </file>
  </project>
</coverage>
