TN:
SF:TourService.js
FN:3,(anonymous_0)
FN:10,(anonymous_1)
FN:16,(anonymous_2)
FN:23,(anonymous_3)
FN:32,(anonymous_4)
FNF:5
FNH:5
FNDA:12,(anonymous_0)
FNDA:11,(anonymous_1)
FNDA:1,(anonymous_2)
FNDA:6,(anonymous_3)
FNDA:11,(anonymous_4)
DA:4,12
DA:5,12
DA:11,11
DA:17,1
DA:24,6
DA:25,6
DA:26,6
DA:34,11
DA:35,1
DA:39,10
DA:40,0
DA:44,10
DA:45,2
DA:49,8
DA:50,2
DA:53,6
DA:57,1
LF:17
LH:16
BRDA:34,0,0,1
BRDA:34,0,1,10
BRDA:34,1,0,11
BRDA:34,1,1,11
BRDA:39,2,0,0
BRDA:39,2,1,10
BRDA:39,3,0,10
BRDA:39,3,1,10
BRDA:44,4,0,2
BRDA:44,4,1,8
BRDA:44,5,0,10
BRDA:44,5,1,9
BRDA:49,6,0,2
BRDA:49,6,1,6
BRDA:49,7,0,8
BRDA:49,7,1,7
BRF:16
BRH:15
end_of_record
