{"C:\\Users\\LourYde\\Desktop\\DeltaPhys-Stohnii\\LB3-Stohnii\\TourService.js": {"path":"C:\\Users\\LourYde\\Desktop\\DeltaPhys-Stohnii\\LB3-Stohnii\\TourService.js","statementMap":{"0":{"start":{"line":1,"column":14},"end":{"line":4,"column":2}},"1":{"start":{"line":6,"column":26},"end":{"line":9,"column":2}},"2":{"start":{"line":11,"column":29},"end":{"line":14,"column":2}},"3":{"start":{"line":18,"column":8},"end":{"line":18,"column":21}},"4":{"start":{"line":19,"column":8},"end":{"line":19,"column":25}},"5":{"start":{"line":25,"column":8},"end":{"line":25,"column":35}},"6":{"start":{"line":31,"column":8},"end":{"line":31,"column":35}},"7":{"start":{"line":37,"column":8},"end":{"line":37,"column":49}},"8":{"start":{"line":39,"column":8},"end":{"line":39,"column":27}},"9":{"start":{"line":40,"column":8},"end":{"line":40,"column":27}},"10":{"start":{"line":41,"column":8},"end":{"line":41,"column":39}},"11":{"start":{"line":45,"column":8},"end":{"line":47,"column":9}},"12":{"start":{"line":46,"column":12},"end":{"line":46,"column":60}},"13":{"start":{"line":49,"column":8},"end":{"line":51,"column":9}},"14":{"start":{"line":50,"column":12},"end":{"line":50,"column":119}},"15":{"start":{"line":53,"column":8},"end":{"line":55,"column":9}},"16":{"start":{"line":54,"column":12},"end":{"line":54,"column":130}},"17":{"start":{"line":65,"column":8},"end":{"line":67,"column":9}},"18":{"start":{"line":66,"column":12},"end":{"line":66,"column":78}},"19":{"start":{"line":69,"column":8},"end":{"line":69,"column":37}},"20":{"start":{"line":73,"column":0},"end":{"line":80,"column":2}}},"fnMap":{"0":{"name":"(anonymous_0)","decl":{"start":{"line":17,"column":4},"end":{"line":17,"column":5}},"loc":{"start":{"line":17,"column":26},"end":{"line":20,"column":5}},"line":17},"1":{"name":"(anonymous_1)","decl":{"start":{"line":24,"column":4},"end":{"line":24,"column":5}},"loc":{"start":{"line":24,"column":20},"end":{"line":26,"column":5}},"line":24},"2":{"name":"(anonymous_2)","decl":{"start":{"line":30,"column":4},"end":{"line":30,"column":5}},"loc":{"start":{"line":30,"column":20},"end":{"line":32,"column":5}},"line":30},"3":{"name":"(anonymous_3)","decl":{"start":{"line":36,"column":4},"end":{"line":36,"column":5}},"loc":{"start":{"line":36,"column":47},"end":{"line":42,"column":5}},"line":36},"4":{"name":"(anonymous_4)","decl":{"start":{"line":44,"column":4},"end":{"line":44,"column":5}},"loc":{"start":{"line":44,"column":40},"end":{"line":56,"column":5}},"line":44},"5":{"name":"(anonymous_5)","decl":{"start":{"line":64,"column":4},"end":{"line":64,"column":5}},"loc":{"start":{"line":64,"column":38},"end":{"line":70,"column":5}},"line":64}},"branchMap":{"0":{"loc":{"start":{"line":45,"column":8},"end":{"line":47,"column":9}},"type":"if","locations":[{"start":{"line":45,"column":8},"end":{"line":47,"column":9}},{"start":{},"end":{}}],"line":45},"1":{"loc":{"start":{"line":45,"column":12},"end":{"line":45,"column":41}},"type":"binary-expr","locations":[{"start":{"line":45,"column":12},"end":{"line":45,"column":18}},{"start":{"line":45,"column":22},"end":{"line":45,"column":41}}],"line":45},"2":{"loc":{"start":{"line":49,"column":8},"end":{"line":51,"column":9}},"type":"if","locations":[{"start":{"line":49,"column":8},"end":{"line":51,"column":9}},{"start":{},"end":{}}],"line":49},"3":{"loc":{"start":{"line":49,"column":12},"end":{"line":49,"column":74}},"type":"binary-expr","locations":[{"start":{"line":49,"column":12},"end":{"line":49,"column":41}},{"start":{"line":49,"column":45},"end":{"line":49,"column":74}}],"line":49},"4":{"loc":{"start":{"line":53,"column":8},"end":{"line":55,"column":9}},"type":"if","locations":[{"start":{"line":53,"column":8},"end":{"line":55,"column":9}},{"start":{},"end":{}}],"line":53},"5":{"loc":{"start":{"line":53,"column":12},"end":{"line":53,"column":92}},"type":"binary-expr","locations":[{"start":{"line":53,"column":12},"end":{"line":53,"column":50}},{"start":{"line":53,"column":54},"end":{"line":53,"column":92}}],"line":53},"6":{"loc":{"start":{"line":65,"column":8},"end":{"line":67,"column":9}},"type":"if","locations":[{"start":{"line":65,"column":8},"end":{"line":67,"column":9}},{"start":{},"end":{}}],"line":65},"7":{"loc":{"start":{"line":65,"column":12},"end":{"line":65,"column":50}},"type":"binary-expr","locations":[{"start":{"line":65,"column":12},"end":{"line":65,"column":17}},{"start":{"line":65,"column":21},"end":{"line":65,"column":50}}],"line":65}},"s":{"0":1,"1":1,"2":1,"3":12,"4":12,"5":11,"6":1,"7":10,"8":6,"9":6,"10":6,"11":10,"12":0,"13":10,"14":2,"15":8,"16":2,"17":11,"18":1,"19":10,"20":1},"f":{"0":12,"1":11,"2":1,"3":10,"4":10,"5":11},"b":{"0":[0,10],"1":[10,10],"2":[2,8],"3":[10,9],"4":[2,6],"5":[8,7],"6":[1,10],"7":[11,11]},"_coverageSchema":"1a1c01bbd47fc00a2c39e90264f33305004495a9","hash":"89f89c8db307486c4994135596ecd5e4d1a98c9d"}
}
