TN:
SF:TourService.js
FN:17,(anonymous_0)
FN:24,(anonymous_1)
FN:30,(anonymous_2)
FN:36,(anonymous_3)
FN:44,(anonymous_4)
FN:64,(anonymous_5)
FNF:6
FNH:6
FNDA:12,(anonymous_0)
FNDA:11,(anonymous_1)
FNDA:1,(anonymous_2)
FNDA:10,(anonymous_3)
FNDA:10,(anonymous_4)
FNDA:11,(anonymous_5)
DA:1,1
DA:6,1
DA:11,1
DA:18,12
DA:19,12
DA:25,11
DA:31,1
DA:37,10
DA:39,6
DA:40,6
DA:41,6
DA:45,10
DA:46,0
DA:49,10
DA:50,2
DA:53,8
DA:54,2
DA:65,11
DA:66,1
DA:69,10
DA:73,1
LF:21
LH:20
BRDA:45,0,0,0
BRDA:45,0,1,10
BRDA:45,1,0,10
BRDA:45,1,1,10
BRDA:49,2,0,2
BRDA:49,2,1,8
BRDA:49,3,0,10
BRDA:49,3,1,9
BRDA:53,4,0,2
BRDA:53,4,1,6
BRDA:53,5,0,8
BRDA:53,5,1,7
BRDA:65,6,0,1
BRDA:65,6,1,10
BRDA:65,7,0,11
BRDA:65,7,1,11
BRF:16
BRH:15
end_of_record
