<?xml version="1.0" encoding="UTF-8"?>
<coverage generated="1779127540168" clover="3.2.0">
  <project timestamp="1779127540169" name="All files">
    <metrics statements="27" coveredstatements="24" conditionals="20" coveredconditionals="17" methods="9" coveredmethods="7" elements="56" coveredelements="48" complexity="0" loc="27" ncloc="27" packages="1" files="1" classes="1"/>
    <file name="DeltaPhysService.js" path="C:\Users\Anastasia\Desktop\прог\OPI\Lr3\DeltaPhysService.js">
      <metrics statements="27" coveredstatements="24" conditionals="20" coveredconditionals="17" methods="9" coveredmethods="7"/>
      <line num="2" count="11" type="stmt"/>
      <line num="6" count="10" type="stmt"/>
      <line num="10" count="1" type="stmt"/>
      <line num="15" count="7" type="stmt"/>
      <line num="16" count="7" type="stmt"/>
      <line num="17" count="7" type="stmt"/>
      <line num="18" count="7" type="stmt"/>
      <line num="19" count="7" type="stmt"/>
      <line num="26" count="10" type="cond" truecount="4" falsecount="0"/>
      <line num="27" count="1" type="stmt"/>
      <line num="30" count="9" type="stmt"/>
      <line num="31" count="9" type="cond" truecount="2" falsecount="0"/>
      <line num="32" count="2" type="stmt"/>
      <line num="35" count="7" type="cond" truecount="2" falsecount="0"/>
      <line num="36" count="2" type="stmt"/>
      <line num="39" count="5" type="stmt"/>
      <line num="40" count="5" type="stmt"/>
      <line num="44" count="4" type="cond" truecount="2" falsecount="0"/>
      <line num="45" count="2" type="stmt"/>
      <line num="48" count="2" type="cond" truecount="4" falsecount="0"/>
      <line num="49" count="1" type="stmt"/>
      <line num="52" count="1" type="cond" truecount="3" falsecount="1"/>
      <line num="53" count="0" type="stmt"/>
      <line num="56" count="1" type="stmt"/>
      <line num="60" count="0" type="cond" truecount="0" falsecount="2"/>
      <line num="61" count="0" type="stmt"/>
      <line num="65" count="1" type="stmt"/>
    </file>
  </project>
</coverage>
