{"C:\\Users\\Anastasia\\Desktop\\прог\\OPI\\Lr3\\DeltaPhysService.js": {"path":"C:\\Users\\Anastasia\\Desktop\\прог\\OPI\\Lr3\\DeltaPhysService.js","statementMap":{"0":{"start":{"line":2,"column":22},"end":{"line":2,"column":35}},"1":{"start":{"line":6,"column":22},"end":{"line":6,"column":32}},"2":{"start":{"line":10,"column":22},"end":{"line":10,"column":32}},"3":{"start":{"line":15,"column":8},"end":{"line":15,"column":21}},"4":{"start":{"line":16,"column":8},"end":{"line":16,"column":27}},"5":{"start":{"line":17,"column":8},"end":{"line":17,"column":27}},"6":{"start":{"line":18,"column":8},"end":{"line":18,"column":33}},"7":{"start":{"line":19,"column":8},"end":{"line":19,"column":31}},"8":{"start":{"line":26,"column":8},"end":{"line":28,"column":9}},"9":{"start":{"line":27,"column":12},"end":{"line":27,"column":68}},"10":{"start":{"line":30,"column":36},"end":{"line":30,"column":91}},"11":{"start":{"line":30,"column":67},"end":{"line":30,"column":90}},"12":{"start":{"line":31,"column":8},"end":{"line":33,"column":9}},"13":{"start":{"line":32,"column":12},"end":{"line":32,"column":58}},"14":{"start":{"line":35,"column":8},"end":{"line":37,"column":9}},"15":{"start":{"line":36,"column":12},"end":{"line":36,"column":51}},"16":{"start":{"line":39,"column":8},"end":{"line":39,"column":47}},"17":{"start":{"line":40,"column":8},"end":{"line":40,"column":20}},"18":{"start":{"line":44,"column":8},"end":{"line":46,"column":9}},"19":{"start":{"line":45,"column":12},"end":{"line":45,"column":71}},"20":{"start":{"line":48,"column":8},"end":{"line":50,"column":9}},"21":{"start":{"line":49,"column":12},"end":{"line":49,"column":58}},"22":{"start":{"line":52,"column":8},"end":{"line":54,"column":9}},"23":{"start":{"line":53,"column":12},"end":{"line":53,"column":71}},"24":{"start":{"line":56,"column":8},"end":{"line":56,"column":68}},"25":{"start":{"line":60,"column":8},"end":{"line":60,"column":72}},"26":{"start":{"line":60,"column":38},"end":{"line":60,"column":72}},"27":{"start":{"line":61,"column":8},"end":{"line":61,"column":57}},"28":{"start":{"line":61,"column":36},"end":{"line":61,"column":55}},"29":{"start":{"line":65,"column":0},"end":{"line":65,"column":85}}},"fnMap":{"0":{"name":"(anonymous_0)","decl":{"start":{"line":2,"column":4},"end":{"line":2,"column":5}},"loc":{"start":{"line":2,"column":20},"end":{"line":2,"column":37}},"line":2},"1":{"name":"(anonymous_1)","decl":{"start":{"line":6,"column":4},"end":{"line":6,"column":5}},"loc":{"start":{"line":6,"column":20},"end":{"line":6,"column":34}},"line":6},"2":{"name":"(anonymous_2)","decl":{"start":{"line":10,"column":4},"end":{"line":10,"column":5}},"loc":{"start":{"line":10,"column":20},"end":{"line":10,"column":34}},"line":10},"3":{"name":"(anonymous_3)","decl":{"start":{"line":14,"column":4},"end":{"line":14,"column":5}},"loc":{"start":{"line":14,"column":44},"end":{"line":20,"column":5}},"line":14},"4":{"name":"(anonymous_4)","decl":{"start":{"line":25,"column":4},"end":{"line":25,"column":5}},"loc":{"start":{"line":25,"column":53},"end":{"line":41,"column":5}},"line":25},"5":{"name":"(anonymous_5)","decl":{"start":{"line":30,"column":62},"end":{"line":30,"column":63}},"loc":{"start":{"line":30,"column":67},"end":{"line":30,"column":90}},"line":30},"6":{"name":"(anonymous_6)","decl":{"start":{"line":43,"column":4},"end":{"line":43,"column":5}},"loc":{"start":{"line":43,"column":49},"end":{"line":57,"column":5}},"line":43},"7":{"name":"(anonymous_7)","decl":{"start":{"line":59,"column":4},"end":{"line":59,"column":5}},"loc":{"start":{"line":59,"column":42},"end":{"line":62,"column":5}},"line":59},"8":{"name":"(anonymous_8)","decl":{"start":{"line":61,"column":31},"end":{"line":61,"column":32}},"loc":{"start":{"line":61,"column":36},"end":{"line":61,"column":55}},"line":61}},"branchMap":{"0":{"loc":{"start":{"line":26,"column":8},"end":{"line":28,"column":9}},"type":"if","locations":[{"start":{"line":26,"column":8},"end":{"line":28,"column":9}},{"start":{},"end":{}}],"line":26},"1":{"loc":{"start":{"line":26,"column":12},"end":{"line":26,"column":36}},"type":"binary-expr","locations":[{"start":{"line":26,"column":12},"end":{"line":26,"column":24}},{"start":{"line":26,"column":28},"end":{"line":26,"column":36}}],"line":26},"2":{"loc":{"start":{"line":31,"column":8},"end":{"line":33,"column":9}},"type":"if","locations":[{"start":{"line":31,"column":8},"end":{"line":33,"column":9}},{"start":{},"end":{}}],"line":31},"3":{"loc":{"start":{"line":35,"column":8},"end":{"line":37,"column":9}},"type":"if","locations":[{"start":{"line":35,"column":8},"end":{"line":37,"column":9}},{"start":{},"end":{}}],"line":35},"4":{"loc":{"start":{"line":44,"column":8},"end":{"line":46,"column":9}},"type":"if","locations":[{"start":{"line":44,"column":8},"end":{"line":46,"column":9}},{"start":{},"end":{}}],"line":44},"5":{"loc":{"start":{"line":48,"column":8},"end":{"line":50,"column":9}},"type":"if","locations":[{"start":{"line":48,"column":8},"end":{"line":50,"column":9}},{"start":{},"end":{}}],"line":48},"6":{"loc":{"start":{"line":48,"column":12},"end":{"line":48,"column":38}},"type":"binary-expr","locations":[{"start":{"line":48,"column":12},"end":{"line":48,"column":18}},{"start":{"line":48,"column":22},"end":{"line":48,"column":38}}],"line":48},"7":{"loc":{"start":{"line":52,"column":8},"end":{"line":54,"column":9}},"type":"if","locations":[{"start":{"line":52,"column":8},"end":{"line":54,"column":9}},{"start":{},"end":{}}],"line":52},"8":{"loc":{"start":{"line":52,"column":12},"end":{"line":52,"column":38}},"type":"binary-expr","locations":[{"start":{"line":52,"column":12},"end":{"line":52,"column":21}},{"start":{"line":52,"column":25},"end":{"line":52,"column":38}}],"line":52},"9":{"loc":{"start":{"line":60,"column":8},"end":{"line":60,"column":72}},"type":"if","locations":[{"start":{"line":60,"column":8},"end":{"line":60,"column":72}},{"start":{},"end":{}}],"line":60}},"s":{"0":11,"1":10,"2":1,"3":7,"4":7,"5":7,"6":7,"7":7,"8":10,"9":1,"10":9,"11":4,"12":9,"13":2,"14":7,"15":2,"16":5,"17":5,"18":4,"19":2,"20":2,"21":1,"22":1,"23":0,"24":1,"25":0,"26":0,"27":0,"28":0,"29":1},"f":{"0":11,"1":10,"2":1,"3":7,"4":10,"5":4,"6":4,"7":0,"8":0},"b":{"0":[1,9],"1":[10,9],"2":[2,7],"3":[2,5],"4":[2,2],"5":[1,1],"6":[2,2],"7":[0,1],"8":[1,1],"9":[0,0]},"_coverageSchema":"1a1c01bbd47fc00a2c39e90264f33305004495a9","hash":"6771e6bc5d2df9b1b7b287faf2eed1c00862ac75"}
}
