<?xml version="1.0" encoding="UTF-8"?>
<coverage generated="1779129088774" clover="3.2.0">
  <project timestamp="1779129088774" name="All files">
    <metrics statements="36" coveredstatements="31" conditionals="36" coveredconditionals="31" methods="6" coveredmethods="5" elements="78" coveredelements="67" complexity="0" loc="36" ncloc="36" packages="1" files="1" classes="1"/>
    <file name="DeltaPhysService.js" path="C:\Users\user\Desktop\Lab3_OPI\DeltaPhysService.js">
      <metrics statements="36" coveredstatements="31" conditionals="36" coveredconditionals="31" methods="6" coveredmethods="5"/>
      <line num="4" count="10" type="stmt"/>
      <line num="15" count="9" type="stmt"/>
      <line num="16" count="9" type="stmt"/>
      <line num="17" count="9" type="stmt"/>
      <line num="18" count="9" type="stmt"/>
      <line num="19" count="9" type="stmt"/>
      <line num="26" count="6" type="cond" truecount="3" falsecount="1"/>
      <line num="27" count="0" type="stmt"/>
      <line num="30" count="6" type="cond" truecount="4" falsecount="0"/>
      <line num="31" count="2" type="stmt"/>
      <line num="34" count="4" type="cond" truecount="2" falsecount="0"/>
      <line num="35" count="1" type="stmt"/>
      <line num="38" count="3" type="cond" truecount="1" falsecount="1"/>
      <line num="39" count="0" type="stmt"/>
      <line num="42" count="3" type="stmt"/>
      <line num="43" count="3" type="stmt"/>
      <line num="48" count="3" type="cond" truecount="3" falsecount="1"/>
      <line num="49" count="0" type="stmt"/>
      <line num="52" count="3" type="cond" truecount="3" falsecount="1"/>
      <line num="53" count="0" type="stmt"/>
      <line num="56" count="3" type="cond" truecount="4" falsecount="0"/>
      <line num="57" count="1" type="stmt"/>
      <line num="60" count="2" type="cond" truecount="4" falsecount="0"/>
      <line num="61" count="1" type="stmt"/>
      <line num="64" count="1" type="stmt"/>
      <line num="69" count="2" type="cond" truecount="1" falsecount="1"/>
      <line num="70" count="0" type="stmt"/>
      <line num="73" count="2" type="cond" truecount="2" falsecount="0"/>
      <line num="74" count="1" type="stmt"/>
      <line num="77" count="1" type="stmt"/>
      <line num="79" count="1" type="stmt"/>
      <line num="80" count="2" type="stmt"/>
      <line num="81" count="2" type="cond" truecount="4" falsecount="0"/>
      <line num="82" count="1" type="stmt"/>
      <line num="85" count="1" type="stmt"/>
      <line num="90" count="1" type="stmt"/>
    </file>
  </project>
</coverage>
