{"C:\\Users\\user\\Desktop\\Lab3_OPI\\DeltaPhysService.js": {"path":"C:\\Users\\user\\Desktop\\Lab3_OPI\\DeltaPhysService.js","statementMap":{"0":{"start":{"line":4,"column":8},"end":{"line":4,"column":21}},"1":{"start":{"line":15,"column":8},"end":{"line":15,"column":21}},"2":{"start":{"line":16,"column":8},"end":{"line":16,"column":25}},"3":{"start":{"line":17,"column":8},"end":{"line":17,"column":27}},"4":{"start":{"line":18,"column":8},"end":{"line":18,"column":39}},"5":{"start":{"line":19,"column":8},"end":{"line":19,"column":34}},"6":{"start":{"line":26,"column":8},"end":{"line":28,"column":9}},"7":{"start":{"line":27,"column":12},"end":{"line":27,"column":80}},"8":{"start":{"line":30,"column":8},"end":{"line":32,"column":9}},"9":{"start":{"line":31,"column":12},"end":{"line":31,"column":73}},"10":{"start":{"line":34,"column":8},"end":{"line":36,"column":9}},"11":{"start":{"line":35,"column":12},"end":{"line":35,"column":60}},"12":{"start":{"line":38,"column":8},"end":{"line":40,"column":9}},"13":{"start":{"line":38,"column":46},"end":{"line":38,"column":69}},"14":{"start":{"line":39,"column":12},"end":{"line":39,"column":62}},"15":{"start":{"line":42,"column":8},"end":{"line":42,"column":50}},"16":{"start":{"line":43,"column":8},"end":{"line":43,"column":20}},"17":{"start":{"line":48,"column":8},"end":{"line":50,"column":9}},"18":{"start":{"line":49,"column":12},"end":{"line":49,"column":79}},"19":{"start":{"line":52,"column":8},"end":{"line":54,"column":9}},"20":{"start":{"line":53,"column":12},"end":{"line":53,"column":61}},"21":{"start":{"line":56,"column":8},"end":{"line":58,"column":9}},"22":{"start":{"line":57,"column":12},"end":{"line":57,"column":66}},"23":{"start":{"line":60,"column":8},"end":{"line":62,"column":9}},"24":{"start":{"line":61,"column":12},"end":{"line":61,"column":69}},"25":{"start":{"line":64,"column":8},"end":{"line":64,"column":70}},"26":{"start":{"line":69,"column":8},"end":{"line":71,"column":9}},"27":{"start":{"line":70,"column":12},"end":{"line":70,"column":55}},"28":{"start":{"line":73,"column":8},"end":{"line":75,"column":9}},"29":{"start":{"line":74,"column":12},"end":{"line":74,"column":77}},"30":{"start":{"line":77,"column":23},"end":{"line":77,"column":25}},"31":{"start":{"line":79,"column":8},"end":{"line":84,"column":9}},"32":{"start":{"line":80,"column":35},"end":{"line":80,"column":77}},"33":{"start":{"line":81,"column":12},"end":{"line":83,"column":13}},"34":{"start":{"line":82,"column":16},"end":{"line":82,"column":32}},"35":{"start":{"line":85,"column":8},"end":{"line":85,"column":22}},"36":{"start":{"line":90,"column":0},"end":{"line":92,"column":2}}},"fnMap":{"0":{"name":"(anonymous_0)","decl":{"start":{"line":3,"column":4},"end":{"line":3,"column":5}},"loc":{"start":{"line":3,"column":20},"end":{"line":5,"column":5}},"line":3},"1":{"name":"(anonymous_1)","decl":{"start":{"line":14,"column":4},"end":{"line":14,"column":5}},"loc":{"start":{"line":14,"column":46},"end":{"line":20,"column":5}},"line":14},"2":{"name":"(anonymous_2)","decl":{"start":{"line":25,"column":4},"end":{"line":25,"column":5}},"loc":{"start":{"line":25,"column":53},"end":{"line":44,"column":5}},"line":25},"3":{"name":"(anonymous_3)","decl":{"start":{"line":38,"column":41},"end":{"line":38,"column":42}},"loc":{"start":{"line":38,"column":46},"end":{"line":38,"column":69}},"line":38},"4":{"name":"(anonymous_4)","decl":{"start":{"line":47,"column":4},"end":{"line":47,"column":5}},"loc":{"start":{"line":47,"column":56},"end":{"line":65,"column":5}},"line":47},"5":{"name":"(anonymous_5)","decl":{"start":{"line":68,"column":4},"end":{"line":68,"column":5}},"loc":{"start":{"line":68,"column":54},"end":{"line":86,"column":5}},"line":68}},"branchMap":{"0":{"loc":{"start":{"line":26,"column":8},"end":{"line":28,"column":9}},"type":"if","locations":[{"start":{"line":26,"column":8},"end":{"line":28,"column":9}},{"start":{},"end":{}}],"line":26},"1":{"loc":{"start":{"line":26,"column":12},"end":{"line":26,"column":36}},"type":"binary-expr","locations":[{"start":{"line":26,"column":12},"end":{"line":26,"column":24}},{"start":{"line":26,"column":28},"end":{"line":26,"column":36}}],"line":26},"2":{"loc":{"start":{"line":30,"column":8},"end":{"line":32,"column":9}},"type":"if","locations":[{"start":{"line":30,"column":8},"end":{"line":32,"column":9}},{"start":{},"end":{}}],"line":30},"3":{"loc":{"start":{"line":30,"column":12},"end":{"line":30,"column":32}},"type":"binary-expr","locations":[{"start":{"line":30,"column":12},"end":{"line":30,"column":20}},{"start":{"line":30,"column":24},"end":{"line":30,"column":32}}],"line":30},"4":{"loc":{"start":{"line":34,"column":8},"end":{"line":36,"column":9}},"type":"if","locations":[{"start":{"line":34,"column":8},"end":{"line":36,"column":9}},{"start":{},"end":{}}],"line":34},"5":{"loc":{"start":{"line":38,"column":8},"end":{"line":40,"column":9}},"type":"if","locations":[{"start":{"line":38,"column":8},"end":{"line":40,"column":9}},{"start":{},"end":{}}],"line":38},"6":{"loc":{"start":{"line":48,"column":8},"end":{"line":50,"column":9}},"type":"if","locations":[{"start":{"line":48,"column":8},"end":{"line":50,"column":9}},{"start":{},"end":{}}],"line":48},"7":{"loc":{"start":{"line":48,"column":12},"end":{"line":48,"column":59}},"type":"binary-expr","locations":[{"start":{"line":48,"column":12},"end":{"line":48,"column":22}},{"start":{"line":48,"column":26},"end":{"line":48,"column":59}}],"line":48},"8":{"loc":{"start":{"line":52,"column":8},"end":{"line":54,"column":9}},"type":"if","locations":[{"start":{"line":52,"column":8},"end":{"line":54,"column":9}},{"start":{},"end":{}}],"line":52},"9":{"loc":{"start":{"line":52,"column":12},"end":{"line":52,"column":39}},"type":"binary-expr","locations":[{"start":{"line":52,"column":12},"end":{"line":52,"column":17}},{"start":{"line":52,"column":21},"end":{"line":52,"column":39}}],"line":52},"10":{"loc":{"start":{"line":56,"column":8},"end":{"line":58,"column":9}},"type":"if","locations":[{"start":{"line":56,"column":8},"end":{"line":58,"column":9}},{"start":{},"end":{}}],"line":56},"11":{"loc":{"start":{"line":56,"column":12},"end":{"line":56,"column":38}},"type":"binary-expr","locations":[{"start":{"line":56,"column":12},"end":{"line":56,"column":22}},{"start":{"line":56,"column":26},"end":{"line":56,"column":38}}],"line":56},"12":{"loc":{"start":{"line":60,"column":8},"end":{"line":62,"column":9}},"type":"if","locations":[{"start":{"line":60,"column":8},"end":{"line":62,"column":9}},{"start":{},"end":{}}],"line":60},"13":{"loc":{"start":{"line":60,"column":12},"end":{"line":60,"column":48}},"type":"binary-expr","locations":[{"start":{"line":60,"column":12},"end":{"line":60,"column":27}},{"start":{"line":60,"column":31},"end":{"line":60,"column":48}}],"line":60},"14":{"loc":{"start":{"line":69,"column":8},"end":{"line":71,"column":9}},"type":"if","locations":[{"start":{"line":69,"column":8},"end":{"line":71,"column":9}},{"start":{},"end":{}}],"line":69},"15":{"loc":{"start":{"line":73,"column":8},"end":{"line":75,"column":9}},"type":"if","locations":[{"start":{"line":73,"column":8},"end":{"line":75,"column":9}},{"start":{},"end":{}}],"line":73},"16":{"loc":{"start":{"line":81,"column":12},"end":{"line":83,"column":13}},"type":"if","locations":[{"start":{"line":81,"column":12},"end":{"line":83,"column":13}},{"start":{},"end":{}}],"line":81},"17":{"loc":{"start":{"line":81,"column":16},"end":{"line":81,"column":75}},"type":"binary-expr","locations":[{"start":{"line":81,"column":16},"end":{"line":81,"column":36}},{"start":{"line":81,"column":40},"end":{"line":81,"column":75}}],"line":81}},"s":{"0":10,"1":9,"2":9,"3":9,"4":9,"5":9,"6":6,"7":0,"8":6,"9":2,"10":4,"11":1,"12":3,"13":0,"14":0,"15":3,"16":3,"17":3,"18":0,"19":3,"20":0,"21":3,"22":1,"23":2,"24":1,"25":1,"26":2,"27":0,"28":2,"29":1,"30":1,"31":1,"32":2,"33":2,"34":1,"35":1,"36":1},"f":{"0":10,"1":9,"2":6,"3":0,"4":3,"5":2},"b":{"0":[0,6],"1":[6,6],"2":[2,4],"3":[6,5],"4":[1,3],"5":[0,3],"6":[0,3],"7":[3,3],"8":[0,3],"9":[3,3],"10":[1,2],"11":[3,2],"12":[1,1],"13":[2,2],"14":[0,2],"15":[1,1],"16":[1,1],"17":[2,1]},"_coverageSchema":"1a1c01bbd47fc00a2c39e90264f33305004495a9","hash":"be7b5d01b570b6be88778d023fe530d480b127db"}
}
