TN:
SF:DeltaPhysService.js
FN:3,(anonymous_0)
FN:14,(anonymous_1)
FN:25,(anonymous_2)
FN:38,(anonymous_3)
FN:47,(anonymous_4)
FN:68,(anonymous_5)
FNF:6
FNH:5
FNDA:10,(anonymous_0)
FNDA:9,(anonymous_1)
FNDA:6,(anonymous_2)
FNDA:0,(anonymous_3)
FNDA:3,(anonymous_4)
FNDA:2,(anonymous_5)
DA:4,10
DA:15,9
DA:16,9
DA:17,9
DA:18,9
DA:19,9
DA:26,6
DA:27,0
DA:30,6
DA:31,2
DA:34,4
DA:35,1
DA:38,3
DA:39,0
DA:42,3
DA:43,3
DA:48,3
DA:49,0
DA:52,3
DA:53,0
DA:56,3
DA:57,1
DA:60,2
DA:61,1
DA:64,1
DA:69,2
DA:70,0
DA:73,2
DA:74,1
DA:77,1
DA:79,1
DA:80,2
DA:81,2
DA:82,1
DA:85,1
DA:90,1
LF:36
LH:31
BRDA:26,0,0,0
BRDA:26,0,1,6
BRDA:26,1,0,6
BRDA:26,1,1,6
BRDA:30,2,0,2
BRDA:30,2,1,4
BRDA:30,3,0,6
BRDA:30,3,1,5
BRDA:34,4,0,1
BRDA:34,4,1,3
BRDA:38,5,0,0
BRDA:38,5,1,3
BRDA:48,6,0,0
BRDA:48,6,1,3
BRDA:48,7,0,3
BRDA:48,7,1,3
BRDA:52,8,0,0
BRDA:52,8,1,3
BRDA:52,9,0,3
BRDA:52,9,1,3
BRDA:56,10,0,1
BRDA:56,10,1,2
BRDA:56,11,0,3
BRDA:56,11,1,2
BRDA:60,12,0,1
BRDA:60,12,1,1
BRDA:60,13,0,2
BRDA:60,13,1,2
BRDA:69,14,0,0
BRDA:69,14,1,2
BRDA:73,15,0,1
BRDA:73,15,1,1
BRDA:81,16,0,1
BRDA:81,16,1,1
BRDA:81,17,0,2
BRDA:81,17,1,1
BRF:36
BRH:31
end_of_record
