<?xml version="1.0" encoding="UTF-8"?>
<coverage generated="1779131123976" clover="3.2.0">
  <project timestamp="1779131123976" name="All files">
    <metrics statements="24" coveredstatements="24" conditionals="17" coveredconditionals="17" methods="7" coveredmethods="7" elements="48" coveredelements="48" complexity="0" loc="24" ncloc="24" packages="1" files="1" classes="1"/>
    <file name="EventService.js" path="C:\Users\nikol\OneDrive\Desktop\opiLB3\EventService.js">
      <metrics statements="24" coveredstatements="24" conditionals="17" coveredconditionals="17" methods="7" coveredmethods="7"/>
      <line num="3" count="7" type="stmt"/>
      <line num="9" count="4" type="stmt"/>
      <line num="10" count="4" type="stmt"/>
      <line num="11" count="4" type="stmt"/>
      <line num="12" count="4" type="stmt"/>
      <line num="18" count="4" type="stmt"/>
      <line num="24" count="4" type="cond" truecount="2" falsecount="0"/>
      <line num="25" count="3" type="stmt"/>
      <line num="27" count="1" type="stmt"/>
      <line num="28" count="3" type="cond" truecount="2" falsecount="0"/>
      <line num="33" count="7" type="cond" truecount="4" falsecount="0"/>
      <line num="34" count="1" type="stmt"/>
      <line num="37" count="6" type="cond" truecount="5" falsecount="0"/>
      <line num="38" count="1" type="stmt"/>
      <line num="41" count="5" type="stmt"/>
      <line num="43" count="5" type="cond" truecount="2" falsecount="0"/>
      <line num="44" count="1" type="stmt"/>
      <line num="47" count="4" type="stmt"/>
      <line num="48" count="4" type="stmt"/>
      <line num="52" count="4" type="stmt"/>
      <line num="54" count="2" type="cond" truecount="2" falsecount="0"/>
      <line num="55" count="1" type="stmt"/>
      <line num="58" count="1" type="stmt"/>
      <line num="67" count="1" type="stmt"/>
    </file>
  </project>
</coverage>
