TN:
SF:EventService.js
FN:2,(anonymous_0)
FN:8,(anonymous_1)
FN:17,(anonymous_2)
FN:23,(anonymous_3)
FN:27,(anonymous_4)
FN:32,(anonymous_5)
FN:51,(anonymous_6)
FNF:7
FNH:7
FNDA:7,(anonymous_0)
FNDA:4,(anonymous_1)
FNDA:4,(anonymous_2)
FNDA:4,(anonymous_3)
FNDA:3,(anonymous_4)
FNDA:7,(anonymous_5)
FNDA:4,(anonymous_6)
DA:3,7
DA:9,4
DA:10,4
DA:11,4
DA:12,4
DA:18,4
DA:24,4
DA:25,3
DA:27,1
DA:28,3
DA:33,7
DA:34,1
DA:37,6
DA:38,1
DA:41,5
DA:43,5
DA:44,1
DA:47,4
DA:48,4
DA:52,4
DA:54,2
DA:55,1
DA:58,1
DA:67,1
LF:24
LH:24
BRDA:24,0,0,3
BRDA:24,0,1,1
BRDA:28,1,0,3
BRDA:28,1,1,2
BRDA:33,2,0,1
BRDA:33,2,1,6
BRDA:33,3,0,7
BRDA:33,3,1,7
BRDA:37,4,0,1
BRDA:37,4,1,5
BRDA:37,5,0,6
BRDA:37,5,1,6
BRDA:37,5,2,6
BRDA:43,6,0,1
BRDA:43,6,1,4
BRDA:54,7,0,1
BRDA:54,7,1,1
BRF:17
BRH:17
end_of_record
