TN:
SF:DeltaPhysService.js
FN:2,(anonymous_0)
FN:6,(anonymous_1)
FN:10,(anonymous_2)
FN:14,(anonymous_3)
FN:25,(anonymous_4)
FN:30,(anonymous_5)
FN:43,(anonymous_6)
FN:59,(anonymous_7)
FN:61,(anonymous_8)
FNF:9
FNH:7
FNDA:11,(anonymous_0)
FNDA:10,(anonymous_1)
FNDA:1,(anonymous_2)
FNDA:7,(anonymous_3)
FNDA:10,(anonymous_4)
FNDA:4,(anonymous_5)
FNDA:4,(anonymous_6)
FNDA:0,(anonymous_7)
FNDA:0,(anonymous_8)
DA:2,11
DA:6,10
DA:10,1
DA:15,7
DA:16,7
DA:17,7
DA:18,7
DA:19,7
DA:26,10
DA:27,1
DA:30,9
DA:31,9
DA:32,2
DA:35,7
DA:36,2
DA:39,5
DA:40,5
DA:44,4
DA:45,2
DA:48,2
DA:49,1
DA:52,1
DA:53,0
DA:56,1
DA:60,0
DA:61,0
DA:65,1
LF:27
LH:24
BRDA:26,0,0,1
BRDA:26,0,1,9
BRDA:26,1,0,10
BRDA:26,1,1,9
BRDA:31,2,0,2
BRDA:31,2,1,7
BRDA:35,3,0,2
BRDA:35,3,1,5
BRDA:44,4,0,2
BRDA:44,4,1,2
BRDA:48,5,0,1
BRDA:48,5,1,1
BRDA:48,6,0,2
BRDA:48,6,1,2
BRDA:52,7,0,0
BRDA:52,7,1,1
BRDA:52,8,0,1
BRDA:52,8,1,1
BRDA:60,9,0,0
BRDA:60,9,1,0
BRF:20
BRH:17
end_of_record
