<?xml version="1.0" encoding="UTF-8"?>
<coverage generated="1779130183653" clover="3.2.0">
  <project timestamp="1779130183653" name="All files">
    <metrics statements="19" coveredstatements="19" conditionals="9" coveredconditionals="9" methods="6" coveredmethods="6" elements="34" coveredelements="34" complexity="0" loc="19" ncloc="19" packages="1" files="1" classes="1"/>
    <file name="DeltaPhys.js" path="C:\Users\user\Desktop\LB3 OPI\DeltaPhys.js">
      <metrics statements="19" coveredstatements="19" conditionals="9" coveredconditionals="9" methods="6" coveredmethods="6"/>
      <line num="3" count="18" type="stmt"/>
      <line num="9" count="27" type="stmt"/>
      <line num="10" count="27" type="stmt"/>
      <line num="11" count="27" type="stmt"/>
      <line num="12" count="27" type="stmt"/>
      <line num="13" count="27" type="stmt"/>
      <line num="19" count="1" type="stmt"/>
      <line num="20" count="1" type="stmt"/>
      <line num="21" count="1" type="stmt"/>
      <line num="22" count="1" type="stmt"/>
      <line num="28" count="3" type="cond" truecount="5" falsecount="0"/>
      <line num="29" count="2" type="stmt"/>
      <line num="31" count="1" type="stmt"/>
      <line num="35" count="9" type="cond" truecount="2" falsecount="0"/>
      <line num="36" count="1" type="stmt"/>
      <line num="39" count="8" type="stmt"/>
      <line num="40" count="19" type="stmt"/>
      <line num="41" count="19" type="cond" truecount="2" falsecount="0"/>
      <line num="46" count="1" type="stmt"/>
    </file>
  </project>
</coverage>
