TN:
SF:DeltaPhys.js
FN:2,(anonymous_0)
FN:8,(anonymous_1)
FN:18,(anonymous_2)
FN:27,(anonymous_3)
FN:34,(anonymous_4)
FN:39,(anonymous_5)
FNF:6
FNH:6
FNDA:18,(anonymous_0)
FNDA:27,(anonymous_1)
FNDA:1,(anonymous_2)
FNDA:3,(anonymous_3)
FNDA:9,(anonymous_4)
FNDA:19,(anonymous_5)
DA:3,18
DA:9,27
DA:10,27
DA:11,27
DA:12,27
DA:13,27
DA:19,1
DA:20,1
DA:21,1
DA:22,1
DA:28,3
DA:29,2
DA:31,1
DA:35,9
DA:36,1
DA:39,8
DA:40,19
DA:41,19
DA:46,1
LF:19
LH:19
BRDA:28,0,0,2
BRDA:28,0,1,1
BRDA:28,1,0,3
BRDA:28,1,1,2
BRDA:28,1,2,2
BRDA:35,2,0,1
BRDA:35,2,1,8
BRDA:41,3,0,19
BRDA:41,3,1,10
BRF:9
BRH:9
end_of_record
